[0.346s] DEBUG:colcon:Command line arguments: ['/usr/bin/colcon', 'list', '-p', '--base-paths', '/volume/chauffeur']
[0.346s] DEBUG:colcon:Parsed command line arguments: Namespace(allow_overriding=[], base_paths=['/volume/chauffeur'], build_base='build', ignore_user_meta=False, log_base=None, log_level=None, main=<bound method ListVerb.main of <colcon_package_information.verb.list.ListVerb object at 0x7f6e19ae1280>>, metas=['./colcon.meta'], mixin=None, mixin_files=None, mixin_verb=('list',), names_only=False, packages_above=None, packages_above_and_dependencies=None, packages_above_depth=None, packages_end=None, packages_ignore=None, packages_ignore_regex=None, packages_select=None, packages_select_build_failed=False, packages_select_by_dep=None, packages_select_regex=None, packages_select_test_failures=False, packages_skip=None, packages_skip_build_finished=False, packages_skip_by_dep=None, packages_skip_regex=None, packages_skip_test_passed=False, packages_skip_up_to=None, packages_start=None, packages_up_to=None, packages_up_to_regex=None, paths=None, paths_only=True, topological_graph=False, topological_graph_density=False, topological_graph_dot=False, topological_graph_dot_cluster=False, topological_graph_dot_include_skipped=False, topological_graph_legend=False, topological_order=False, verb_extension=<colcon_package_information.verb.list.ListVerb object at 0x7f6e19ae1280>, verb_name='list', verb_parser=<colcon_mixin.mixin.mixin_argument.MixinArgumentDecorator object at 0x7f6e19ab3460>)
[0.401s] Level 1:colcon.colcon_core.package_discovery:discover_packages(colcon_meta) check parameters
[0.401s] Level 1:colcon.colcon_core.package_discovery:discover_packages(recursive) check parameters
[0.401s] Level 1:colcon.colcon_core.package_discovery:discover_packages(ignore) check parameters
[0.401s] Level 1:colcon.colcon_core.package_discovery:discover_packages(path) check parameters
[0.401s] Level 1:colcon.colcon_core.package_discovery:discover_packages(recursive) discover
[0.401s] INFO:colcon.colcon_core.package_discovery:Crawling recursively for packages in '/volume/chauffeur'
[0.401s] Level 1:colcon.colcon_core.package_identification:_identify(/volume/chauffeur) by extensions ['ignore', 'ignore_ament_install']
[0.401s] Level 1:colcon.colcon_core.package_identification:_identify(/volume/chauffeur) by extension 'ignore'
[0.401s] Level 1:colcon.colcon_core.package_identification:_identify(/volume/chauffeur) by extension 'ignore_ament_install'
[0.401s] Level 1:colcon.colcon_core.package_identification:_identify(/volume/chauffeur) by extensions ['colcon_pkg']
[0.401s] Level 1:colcon.colcon_core.package_identification:_identify(/volume/chauffeur) by extension 'colcon_pkg'
[0.402s] Level 1:colcon.colcon_core.package_identification:_identify(/volume/chauffeur) by extensions ['colcon_meta']
[0.402s] Level 1:colcon.colcon_core.package_identification:_identify(/volume/chauffeur) by extension 'colcon_meta'
[0.402s] Level 1:colcon.colcon_core.package_identification:_identify(/volume/chauffeur) by extensions ['ros']
[0.402s] Level 1:colcon.colcon_core.package_identification:_identify(/volume/chauffeur) by extension 'ros'
[0.423s] Level 1:colcon.colcon_core.package_identification:_identify(/volume/chauffeur) by extensions ['cmake', 'python']
[0.423s] Level 1:colcon.colcon_core.package_identification:_identify(/volume/chauffeur) by extension 'cmake'
[0.423s] Level 1:colcon.colcon_core.package_identification:_identify(/volume/chauffeur) by extension 'python'
[0.423s] Level 1:colcon.colcon_core.package_identification:_identify(/volume/chauffeur) by extensions ['python_setup_py']
[0.423s] Level 1:colcon.colcon_core.package_identification:_identify(/volume/chauffeur) by extension 'python_setup_py'
[0.423s] Level 1:colcon.colcon_core.package_identification:_identify(/volume/chauffeur/log) by extensions ['ignore', 'ignore_ament_install']
[0.423s] Level 1:colcon.colcon_core.package_identification:_identify(/volume/chauffeur/log) by extension 'ignore'
[0.424s] Level 1:colcon.colcon_core.package_identification:_identify(/volume/chauffeur/log) ignored
[0.424s] Level 1:colcon.colcon_core.package_identification:_identify(/volume/chauffeur/src) by extensions ['ignore', 'ignore_ament_install']
[0.424s] Level 1:colcon.colcon_core.package_identification:_identify(/volume/chauffeur/src) by extension 'ignore'
[0.424s] Level 1:colcon.colcon_core.package_identification:_identify(/volume/chauffeur/src) by extension 'ignore_ament_install'
[0.424s] Level 1:colcon.colcon_core.package_identification:_identify(/volume/chauffeur/src) by extensions ['colcon_pkg']
[0.424s] Level 1:colcon.colcon_core.package_identification:_identify(/volume/chauffeur/src) by extension 'colcon_pkg'
[0.424s] Level 1:colcon.colcon_core.package_identification:_identify(/volume/chauffeur/src) by extensions ['colcon_meta']
[0.424s] Level 1:colcon.colcon_core.package_identification:_identify(/volume/chauffeur/src) by extension 'colcon_meta'
[0.424s] Level 1:colcon.colcon_core.package_identification:_identify(/volume/chauffeur/src) by extensions ['ros']
[0.424s] Level 1:colcon.colcon_core.package_identification:_identify(/volume/chauffeur/src) by extension 'ros'
[0.424s] Level 1:colcon.colcon_core.package_identification:_identify(/volume/chauffeur/src) by extensions ['cmake', 'python']
[0.424s] Level 1:colcon.colcon_core.package_identification:_identify(/volume/chauffeur/src) by extension 'cmake'
[0.424s] Level 1:colcon.colcon_core.package_identification:_identify(/volume/chauffeur/src) by extension 'python'
[0.424s] Level 1:colcon.colcon_core.package_identification:_identify(/volume/chauffeur/src) by extensions ['python_setup_py']
[0.424s] Level 1:colcon.colcon_core.package_identification:_identify(/volume/chauffeur/src) by extension 'python_setup_py'
[0.425s] Level 1:colcon.colcon_core.package_identification:_identify(/volume/chauffeur/src/sensor_hub) by extensions ['ignore', 'ignore_ament_install']
[0.425s] Level 1:colcon.colcon_core.package_identification:_identify(/volume/chauffeur/src/sensor_hub) by extension 'ignore'
[0.425s] Level 1:colcon.colcon_core.package_identification:_identify(/volume/chauffeur/src/sensor_hub) by extension 'ignore_ament_install'
[0.425s] Level 1:colcon.colcon_core.package_identification:_identify(/volume/chauffeur/src/sensor_hub) by extensions ['colcon_pkg']
[0.425s] Level 1:colcon.colcon_core.package_identification:_identify(/volume/chauffeur/src/sensor_hub) by extension 'colcon_pkg'
[0.425s] Level 1:colcon.colcon_core.package_identification:_identify(/volume/chauffeur/src/sensor_hub) by extensions ['colcon_meta']
[0.425s] Level 1:colcon.colcon_core.package_identification:_identify(/volume/chauffeur/src/sensor_hub) by extension 'colcon_meta'
[0.425s] Level 1:colcon.colcon_core.package_identification:_identify(/volume/chauffeur/src/sensor_hub) by extensions ['ros']
[0.425s] Level 1:colcon.colcon_core.package_identification:_identify(/volume/chauffeur/src/sensor_hub) by extension 'ros'
[0.428s] DEBUG:colcon.colcon_core.package_identification:Package '/volume/chauffeur/src/sensor_hub' with type 'ros.ament_python' and name 'sensor_hub'
[0.428s] Level 1:colcon.colcon_core.package_discovery:discover_packages(recursive) using defaults
