[0.330s] DEBUG:colcon:Command line arguments: ['/usr/bin/colcon', 'build', '--symlink-install']
[0.330s] DEBUG:colcon:Parsed command line arguments: Namespace(allow_overriding=[], ament_cmake_args=None, base_paths=['.'], build_base='build', catkin_cmake_args=None, catkin_skip_building_tests=False, cmake_args=None, cmake_clean_cache=False, cmake_clean_first=False, cmake_force_configure=False, cmake_target=None, cmake_target_skip_unavailable=False, continue_on_error=False, event_handlers=None, executor='parallel', ignore_user_meta=False, install_base='install', log_base=None, log_level=None, main=<bound method BuildVerb.main of <colcon_core.verb.build.BuildVerb object at 0x7fc0252e39d0>>, merge_install=False, metas=['./colcon.meta'], mixin=None, mixin_files=None, mixin_verb=('build',), packages_above=None, packages_above_and_dependencies=None, packages_above_depth=None, packages_end=None, packages_ignore=None, packages_ignore_regex=None, packages_select=None, packages_select_build_failed=False, packages_select_by_dep=None, packages_select_regex=None, packages_select_test_failures=False, packages_skip=None, packages_skip_build_finished=False, packages_skip_by_dep=None, packages_skip_regex=None, packages_skip_test_passed=False, packages_skip_up_to=None, packages_start=None, packages_up_to=None, packages_up_to_regex=None, parallel_workers=16, paths=None, symlink_install=True, test_result_base=None, verb_extension=<colcon_core.verb.build.BuildVerb object at 0x7fc0252e39d0>, verb_name='build', verb_parser=<colcon_mixin.mixin.mixin_argument.MixinArgumentDecorator object at 0x7fc0248ba340>)
[0.365s] Level 1:colcon.colcon_core.package_discovery:discover_packages(colcon_meta) check parameters
[0.366s] Level 1:colcon.colcon_core.package_discovery:discover_packages(recursive) check parameters
[0.366s] Level 1:colcon.colcon_core.package_discovery:discover_packages(ignore) check parameters
[0.366s] Level 1:colcon.colcon_core.package_discovery:discover_packages(path) check parameters
[0.366s] Level 1:colcon.colcon_core.package_discovery:discover_packages(colcon_meta) discover
[0.366s] Level 1:colcon.colcon_core.package_discovery:discover_packages(recursive) discover
[0.366s] INFO:colcon.colcon_core.package_discovery:Crawling recursively for packages in '/volume/chauffeur'
[0.366s] Level 1:colcon.colcon_core.package_identification:_identify(.) by extensions ['ignore', 'ignore_ament_install']
[0.366s] Level 1:colcon.colcon_core.package_identification:_identify(.) by extension 'ignore'
[0.366s] Level 1:colcon.colcon_core.package_identification:_identify(.) by extension 'ignore_ament_install'
[0.366s] Level 1:colcon.colcon_core.package_identification:_identify(.) by extensions ['colcon_pkg']
[0.366s] Level 1:colcon.colcon_core.package_identification:_identify(.) by extension 'colcon_pkg'
[0.366s] Level 1:colcon.colcon_core.package_identification:_identify(.) by extensions ['colcon_meta']
[0.366s] Level 1:colcon.colcon_core.package_identification:_identify(.) by extension 'colcon_meta'
[0.366s] Level 1:colcon.colcon_core.package_identification:_identify(.) by extensions ['ros']
[0.366s] Level 1:colcon.colcon_core.package_identification:_identify(.) by extension 'ros'
[0.380s] Level 1:colcon.colcon_core.package_identification:_identify(.) by extensions ['cmake', 'python']
[0.380s] Level 1:colcon.colcon_core.package_identification:_identify(.) by extension 'cmake'
[0.380s] Level 1:colcon.colcon_core.package_identification:_identify(.) by extension 'python'
[0.380s] Level 1:colcon.colcon_core.package_identification:_identify(.) by extensions ['python_setup_py']
[0.380s] Level 1:colcon.colcon_core.package_identification:_identify(.) by extension 'python_setup_py'
[0.380s] Level 1:colcon.colcon_core.package_identification:_identify(build) by extensions ['ignore', 'ignore_ament_install']
[0.380s] Level 1:colcon.colcon_core.package_identification:_identify(build) by extension 'ignore'
[0.380s] Level 1:colcon.colcon_core.package_identification:_identify(build) ignored
[0.380s] Level 1:colcon.colcon_core.package_identification:_identify(install) by extensions ['ignore', 'ignore_ament_install']
[0.380s] Level 1:colcon.colcon_core.package_identification:_identify(install) by extension 'ignore'
[0.380s] Level 1:colcon.colcon_core.package_identification:_identify(install) ignored
[0.380s] Level 1:colcon.colcon_core.package_identification:_identify(log) by extensions ['ignore', 'ignore_ament_install']
[0.380s] Level 1:colcon.colcon_core.package_identification:_identify(log) by extension 'ignore'
[0.380s] Level 1:colcon.colcon_core.package_identification:_identify(log) ignored
[0.380s] Level 1:colcon.colcon_core.package_identification:_identify(src) by extensions ['ignore', 'ignore_ament_install']
[0.380s] Level 1:colcon.colcon_core.package_identification:_identify(src) by extension 'ignore'
[0.380s] Level 1:colcon.colcon_core.package_identification:_identify(src) by extension 'ignore_ament_install'
[0.381s] Level 1:colcon.colcon_core.package_identification:_identify(src) by extensions ['colcon_pkg']
[0.381s] Level 1:colcon.colcon_core.package_identification:_identify(src) by extension 'colcon_pkg'
[0.381s] Level 1:colcon.colcon_core.package_identification:_identify(src) by extensions ['colcon_meta']
[0.381s] Level 1:colcon.colcon_core.package_identification:_identify(src) by extension 'colcon_meta'
[0.381s] Level 1:colcon.colcon_core.package_identification:_identify(src) by extensions ['ros']
[0.381s] Level 1:colcon.colcon_core.package_identification:_identify(src) by extension 'ros'
[0.381s] Level 1:colcon.colcon_core.package_identification:_identify(src) by extensions ['cmake', 'python']
[0.381s] Level 1:colcon.colcon_core.package_identification:_identify(src) by extension 'cmake'
[0.381s] Level 1:colcon.colcon_core.package_identification:_identify(src) by extension 'python'
[0.381s] Level 1:colcon.colcon_core.package_identification:_identify(src) by extensions ['python_setup_py']
[0.381s] Level 1:colcon.colcon_core.package_identification:_identify(src) by extension 'python_setup_py'
[0.381s] Level 1:colcon.colcon_core.package_identification:_identify(src/sensor_hub) by extensions ['ignore', 'ignore_ament_install']
[0.381s] Level 1:colcon.colcon_core.package_identification:_identify(src/sensor_hub) by extension 'ignore'
[0.381s] Level 1:colcon.colcon_core.package_identification:_identify(src/sensor_hub) by extension 'ignore_ament_install'
[0.381s] Level 1:colcon.colcon_core.package_identification:_identify(src/sensor_hub) by extensions ['colcon_pkg']
[0.381s] Level 1:colcon.colcon_core.package_identification:_identify(src/sensor_hub) by extension 'colcon_pkg'
[0.381s] Level 1:colcon.colcon_core.package_identification:_identify(src/sensor_hub) by extensions ['colcon_meta']
[0.381s] Level 1:colcon.colcon_core.package_identification:_identify(src/sensor_hub) by extension 'colcon_meta'
[0.381s] Level 1:colcon.colcon_core.package_identification:_identify(src/sensor_hub) by extensions ['ros']
[0.381s] Level 1:colcon.colcon_core.package_identification:_identify(src/sensor_hub) by extension 'ros'
[0.383s] DEBUG:colcon.colcon_core.package_identification:Package 'src/sensor_hub' with type 'ros.ament_python' and name 'sensor_hub'
[0.383s] Level 1:colcon.colcon_core.package_discovery:discover_packages(recursive) using defaults
[0.383s] Level 1:colcon.colcon_core.package_discovery:discover_packages(ignore) discover
[0.383s] Level 1:colcon.colcon_core.package_discovery:discover_packages(ignore) using defaults
[0.383s] Level 1:colcon.colcon_core.package_discovery:discover_packages(path) discover
[0.383s] Level 1:colcon.colcon_core.package_discovery:discover_packages(path) using defaults
[0.406s] Level 1:colcon.colcon_core.package_discovery:discover_packages(prefix_path) check parameters
[0.406s] Level 1:colcon.colcon_core.package_discovery:discover_packages(prefix_path) discover
[0.415s] DEBUG:colcon.colcon_installed_package_information.package_discovery:Found 3 installed packages in /volume/ros2_ws/install
[0.416s] DEBUG:colcon.colcon_installed_package_information.package_discovery:Found 1 installed packages in /volume/amr_vehicle/install
[0.421s] DEBUG:colcon.colcon_installed_package_information.package_discovery:Found 214 installed packages in /autoware/install
[0.424s] DEBUG:colcon.colcon_installed_package_information.package_discovery:Found 326 installed packages in /opt/ros/galactic
[0.426s] Level 1:colcon.colcon_core.package_discovery:discover_packages(prefix_path) using defaults
[0.500s] Level 5:colcon.colcon_core.verb:set package 'sensor_hub' build argument 'cmake_args' from command line to 'None'
[0.500s] Level 5:colcon.colcon_core.verb:set package 'sensor_hub' build argument 'cmake_target' from command line to 'None'
[0.500s] Level 5:colcon.colcon_core.verb:set package 'sensor_hub' build argument 'cmake_target_skip_unavailable' from command line to 'False'
[0.501s] Level 5:colcon.colcon_core.verb:set package 'sensor_hub' build argument 'cmake_clean_cache' from command line to 'False'
[0.501s] Level 5:colcon.colcon_core.verb:set package 'sensor_hub' build argument 'cmake_clean_first' from command line to 'False'
[0.501s] Level 5:colcon.colcon_core.verb:set package 'sensor_hub' build argument 'cmake_force_configure' from command line to 'False'
[0.501s] Level 5:colcon.colcon_core.verb:set package 'sensor_hub' build argument 'ament_cmake_args' from command line to 'None'
[0.501s] Level 5:colcon.colcon_core.verb:set package 'sensor_hub' build argument 'catkin_cmake_args' from command line to 'None'
[0.501s] Level 5:colcon.colcon_core.verb:set package 'sensor_hub' build argument 'catkin_skip_building_tests' from command line to 'False'
[0.501s] DEBUG:colcon.colcon_core.verb:Building package 'sensor_hub' with the following arguments: {'ament_cmake_args': None, 'build_base': '/volume/chauffeur/build/sensor_hub', 'catkin_cmake_args': None, 'catkin_skip_building_tests': False, 'cmake_args': None, 'cmake_clean_cache': False, 'cmake_clean_first': False, 'cmake_force_configure': False, 'cmake_target': None, 'cmake_target_skip_unavailable': False, 'install_base': '/volume/chauffeur/install/sensor_hub', 'merge_install': False, 'path': '/volume/chauffeur/src/sensor_hub', 'symlink_install': True, 'test_result_base': None}
[0.502s] INFO:colcon.colcon_core.executor:Executing jobs using 'parallel' executor
[0.510s] DEBUG:colcon.colcon_parallel_executor.executor.parallel:run_until_complete
[0.510s] INFO:colcon.colcon_ros.task.ament_python.build:Building ROS package in '/volume/chauffeur/src/sensor_hub' with build type 'ament_python'
[0.510s] Level 1:colcon.colcon_core.shell:create_environment_hook('sensor_hub', 'ament_prefix_path')
[0.515s] INFO:colcon.colcon_core.plugin_system:Skipping extension 'colcon_core.shell.bat': Not used on non-Windows systems
[0.515s] INFO:colcon.colcon_core.shell:Creating environment hook '/volume/chauffeur/install/sensor_hub/share/sensor_hub/hook/ament_prefix_path.ps1'
[0.516s] INFO:colcon.colcon_core.shell:Creating environment descriptor '/volume/chauffeur/install/sensor_hub/share/sensor_hub/hook/ament_prefix_path.dsv'
[0.516s] INFO:colcon.colcon_core.shell:Creating environment hook '/volume/chauffeur/install/sensor_hub/share/sensor_hub/hook/ament_prefix_path.sh'
[0.519s] INFO:colcon.colcon_core.shell:Skip shell extension 'powershell' for command environment: Not usable outside of PowerShell
[0.519s] DEBUG:colcon.colcon_core.shell:Skip shell extension 'dsv' for command environment
[0.817s] INFO:colcon.colcon_core.task.python.build:Building Python package in '/volume/chauffeur/src/sensor_hub'
[0.822s] INFO:colcon.colcon_core.shell:Skip shell extension 'powershell' for command environment: Not usable outside of PowerShell
[0.822s] DEBUG:colcon.colcon_core.shell:Skip shell extension 'dsv' for command environment
[1.360s] DEBUG:colcon.colcon_core.event_handler.log_command:Invoking command in '/volume/chauffeur/build/sensor_hub': PYTHONPATH=/volume/chauffeur/install/sensor_hub/lib/python3.8/site-packages:${PYTHONPATH} /usr/bin/python3 setup.py develop --prefix /volume/chauffeur/install/sensor_hub --editable --build-directory /volume/chauffeur/build/sensor_hub/build --no-deps install_data --install-dir /volume/chauffeur/install/sensor_hub
[1.951s] Level 1:colcon.colcon_core.shell:create_environment_hook('sensor_hub', 'pythonpath_develop')
[1.956s] INFO:colcon.colcon_core.shell:Creating environment hook '/volume/chauffeur/build/sensor_hub/share/sensor_hub/hook/pythonpath_develop.ps1'
[1.956s] DEBUG:colcon.colcon_core.event_handler.log_command:Invoked command in '/volume/chauffeur/build/sensor_hub' returned '0': PYTHONPATH=/volume/chauffeur/install/sensor_hub/lib/python3.8/site-packages:${PYTHONPATH} /usr/bin/python3 setup.py develop --prefix /volume/chauffeur/install/sensor_hub --editable --build-directory /volume/chauffeur/build/sensor_hub/build --no-deps install_data --install-dir /volume/chauffeur/install/sensor_hub
[1.957s] INFO:colcon.colcon_core.shell:Creating environment descriptor '/volume/chauffeur/build/sensor_hub/share/sensor_hub/hook/pythonpath_develop.dsv'
[1.957s] INFO:colcon.colcon_core.shell:Creating environment hook '/volume/chauffeur/build/sensor_hub/share/sensor_hub/hook/pythonpath_develop.sh'
[1.964s] Level 1:colcon.colcon_core.environment:checking '/volume/chauffeur/install/sensor_hub' for CMake module files
[1.964s] Level 1:colcon.colcon_core.environment:checking '/volume/chauffeur/install/sensor_hub' for CMake config files
[1.964s] Level 1:colcon.colcon_core.environment:checking '/volume/chauffeur/install/sensor_hub/lib'
[1.965s] Level 1:colcon.colcon_core.environment:checking '/volume/chauffeur/install/sensor_hub/bin'
[1.965s] Level 1:colcon.colcon_core.environment:checking '/volume/chauffeur/install/sensor_hub/lib/pkgconfig/sensor_hub.pc'
[1.965s] Level 1:colcon.colcon_core.environment:checking '/volume/chauffeur/install/sensor_hub/lib/python3.8/site-packages'
[1.965s] Level 1:colcon.colcon_core.shell:create_environment_hook('sensor_hub', 'pythonpath')
[1.969s] INFO:colcon.colcon_core.shell:Creating environment hook '/volume/chauffeur/install/sensor_hub/share/sensor_hub/hook/pythonpath.ps1'
[1.969s] INFO:colcon.colcon_core.shell:Creating environment descriptor '/volume/chauffeur/install/sensor_hub/share/sensor_hub/hook/pythonpath.dsv'
[1.970s] INFO:colcon.colcon_core.shell:Creating environment hook '/volume/chauffeur/install/sensor_hub/share/sensor_hub/hook/pythonpath.sh'
[1.970s] Level 1:colcon.colcon_core.environment:checking '/volume/chauffeur/install/sensor_hub/bin'
[1.970s] Level 1:colcon.colcon_core.environment:create_environment_scripts_only(sensor_hub)
[1.975s] INFO:colcon.colcon_core.shell:Creating package script '/volume/chauffeur/install/sensor_hub/share/sensor_hub/package.ps1'
[1.975s] INFO:colcon.colcon_core.shell:Creating package descriptor '/volume/chauffeur/install/sensor_hub/share/sensor_hub/package.dsv'
[1.975s] INFO:colcon.colcon_core.shell:Creating package script '/volume/chauffeur/install/sensor_hub/share/sensor_hub/package.sh'
[1.976s] INFO:colcon.colcon_core.shell:Creating package script '/volume/chauffeur/install/sensor_hub/share/sensor_hub/package.bash'
[1.976s] INFO:colcon.colcon_core.shell:Creating package script '/volume/chauffeur/install/sensor_hub/share/sensor_hub/package.zsh'
[1.977s] Level 1:colcon.colcon_core.environment:create_file_with_runtime_dependencies(/volume/chauffeur/install/sensor_hub/share/colcon-core/packages/sensor_hub)
[1.977s] DEBUG:colcon.colcon_parallel_executor.executor.parallel:closing loop
[1.977s] DEBUG:colcon.colcon_parallel_executor.executor.parallel:loop closed
[1.977s] DEBUG:colcon.colcon_parallel_executor.executor.parallel:run_until_complete finished with '0'
[1.977s] DEBUG:colcon.colcon_core.event_reactor:joining thread
[1.985s] INFO:colcon.colcon_core.plugin_system:Skipping extension 'colcon_notification.desktop_notification.notify_send': Could not find 'notify-send'
[1.985s] INFO:colcon.colcon_core.plugin_system:Skipping extension 'colcon_notification.desktop_notification.terminal_notifier': Not used on non-Darwin systems
[1.985s] INFO:colcon.colcon_core.plugin_system:Skipping extension 'colcon_notification.desktop_notification.win32': Not used on non-Windows systems
[1.985s] INFO:colcon.colcon_notification.desktop_notification:Sending desktop notification using 'notify2'
[1.993s] DEBUG:colcon.colcon_notification.desktop_notification.notify2:Failed to initialize notify2: org.freedesktop.DBus.Error.ServiceUnknown: The name org.freedesktop.Notifications was not provided by any .service files
[1.993s] DEBUG:colcon.colcon_core.event_reactor:joined thread
[1.996s] INFO:colcon.colcon_core.shell:Creating prefix script '/volume/chauffeur/install/local_setup.ps1'
[1.997s] INFO:colcon.colcon_core.shell:Creating prefix util module '/volume/chauffeur/install/_local_setup_util_ps1.py'
[1.998s] INFO:colcon.colcon_core.shell:Creating prefix chain script '/volume/chauffeur/install/setup.ps1'
[2.008s] INFO:colcon.colcon_core.shell:Creating prefix script '/volume/chauffeur/install/local_setup.sh'
[2.009s] INFO:colcon.colcon_core.shell:Creating prefix util module '/volume/chauffeur/install/_local_setup_util_sh.py'
[2.009s] INFO:colcon.colcon_core.shell:Creating prefix chain script '/volume/chauffeur/install/setup.sh'
[2.017s] INFO:colcon.colcon_core.shell:Creating prefix script '/volume/chauffeur/install/local_setup.bash'
[2.017s] INFO:colcon.colcon_core.shell:Creating prefix chain script '/volume/chauffeur/install/setup.bash'
[2.027s] INFO:colcon.colcon_core.shell:Creating prefix script '/volume/chauffeur/install/local_setup.zsh'
[2.027s] INFO:colcon.colcon_core.shell:Creating prefix chain script '/volume/chauffeur/install/setup.zsh'
