running develop
/usr/local/lib/python3.8/dist-packages/setuptools/command/easy_install.py:144: EasyInstallDeprecationWarning: easy_install command is deprecated. Use build and pip and other standards-based tools.
  warnings.warn(
/usr/local/lib/python3.8/dist-packages/setuptools/command/install.py:34: SetuptoolsDeprecationWarning: setup.py install is deprecated. Use build and pip and other standards-based tools.
  warnings.warn(
running egg_info
creating sensor_hub.egg-info
writing sensor_hub.egg-info/PKG-INFO
writing dependency_links to sensor_hub.egg-info/dependency_links.txt
writing entry points to sensor_hub.egg-info/entry_points.txt
writing requirements to sensor_hub.egg-info/requires.txt
writing top-level names to sensor_hub.egg-info/top_level.txt
writing manifest file 'sensor_hub.egg-info/SOURCES.txt'
reading manifest file 'sensor_hub.egg-info/SOURCES.txt'
writing manifest file 'sensor_hub.egg-info/SOURCES.txt'
running build_ext
Creating /volume/chauffeur/install/sensor_hub/lib/python3.8/site-packages/sensor-hub.egg-link (link to .)
Installing talker script to /volume/chauffeur/install/sensor_hub/lib/sensor_hub

Installed /volume/chauffeur/build/sensor_hub
running install_data
creating /volume/chauffeur/install/sensor_hub/share/ament_index
creating /volume/chauffeur/install/sensor_hub/share/ament_index/resource_index
creating /volume/chauffeur/install/sensor_hub/share/ament_index/resource_index/packages
copying resource/sensor_hub -> /volume/chauffeur/install/sensor_hub/share/ament_index/resource_index/packages
copying package.xml -> /volume/chauffeur/install/sensor_hub/share/sensor_hub
