[0.850s] Invoking command in '/volume/chauffeur/build/sensor_hub': PYTHONPATH=/volume/chauffeur/install/sensor_hub/lib/python3.8/site-packages:${PYTHONPATH} /usr/bin/python3 setup.py develop --prefix /volume/chauffeur/install/sensor_hub --editable --build-directory /volume/chauffeur/build/sensor_hub/build --no-deps install_data --install-dir /volume/chauffeur/install/sensor_hub
[1.148s] running develop
[1.149s] /usr/local/lib/python3.8/dist-packages/setuptools/command/easy_install.py:144: EasyInstallDeprecationWarning: easy_install command is deprecated. Use build and pip and other standards-based tools.
[1.149s]   warnings.warn(
[1.172s] /usr/local/lib/python3.8/dist-packages/setuptools/command/install.py:34: SetuptoolsDeprecationWarning: setup.py install is deprecated. Use build and pip and other standards-based tools.
[1.172s]   warnings.warn(
[1.338s] running egg_info
[1.338s] creating sensor_hub.egg-info
[1.349s] writing sensor_hub.egg-info/PKG-INFO
[1.349s] writing dependency_links to sensor_hub.egg-info/dependency_links.txt
[1.349s] writing entry points to sensor_hub.egg-info/entry_points.txt
[1.349s] writing requirements to sensor_hub.egg-info/requires.txt
[1.349s] writing top-level names to sensor_hub.egg-info/top_level.txt
[1.350s] writing manifest file 'sensor_hub.egg-info/SOURCES.txt'
[1.373s] reading manifest file 'sensor_hub.egg-info/SOURCES.txt'
[1.373s] writing manifest file 'sensor_hub.egg-info/SOURCES.txt'
[1.415s] running build_ext
[1.415s] Creating /volume/chauffeur/install/sensor_hub/lib/python3.8/site-packages/sensor-hub.egg-link (link to .)
[1.416s] Installing talker script to /volume/chauffeur/install/sensor_hub/lib/sensor_hub
[1.416s] 
[1.416s] Installed /volume/chauffeur/build/sensor_hub
[1.416s] running install_data
[1.416s] creating /volume/chauffeur/install/sensor_hub/share/ament_index
[1.416s] creating /volume/chauffeur/install/sensor_hub/share/ament_index/resource_index
[1.416s] creating /volume/chauffeur/install/sensor_hub/share/ament_index/resource_index/packages
[1.416s] copying resource/sensor_hub -> /volume/chauffeur/install/sensor_hub/share/ament_index/resource_index/packages
[1.416s] copying package.xml -> /volume/chauffeur/install/sensor_hub/share/sensor_hub
[1.445s] Invoked command in '/volume/chauffeur/build/sensor_hub' returned '0': PYTHONPATH=/volume/chauffeur/install/sensor_hub/lib/python3.8/site-packages:${PYTHONPATH} /usr/bin/python3 setup.py develop --prefix /volume/chauffeur/install/sensor_hub --editable --build-directory /volume/chauffeur/build/sensor_hub/build --no-deps install_data --install-dir /volume/chauffeur/install/sensor_hub
